<?xml version="1.0" encoding="UTF-8"?>
<!-- Generated by org.testng.reporters.JUnitReportReporter -->
<testsuite skipped="0" hostname="CHEAC344103237" name="testcases.TC006_DeleteLead" tests="1" failures="0" timestamp="16 Nov 2017 14:53:59 GMT" time="23.857" errors="0">
  <testcase name="logIn" time="23.857" classname="testcases.TC006_DeleteLead"/>
</testsuite> <!-- testcases.TC006_DeleteLead -->
