<?xml version="1.0" encoding="UTF-8"?>
<!-- Generated by org.testng.reporters.JUnitReportReporter -->
<testsuite skipped="0" hostname="Babu" name="testcases.TC001_LogInLogOut" tests="2" failures="0" timestamp="12 Nov 2017 06:49:37 GMT" time="27.816" errors="0">
  <testcase name="logInLogOut" time="15.165" classname="testcases.TC001_LogInLogOut"/>
  <testcase name="logInLogOut" time="12.651" classname="testcases.TC001_LogInLogOut"/>
</testsuite> <!-- testcases.TC001_LogInLogOut -->
